2023-02-27 11:33:02 INFO  Main:36 - saved data reading
2023-02-27 11:33:02 INFO  Main:41 - application start
2023-02-27 11:33:03 INFO  Controller:74 - Main controller initializing
2023-02-27 11:33:06 INFO  NewEditController:91 - new/edit window initializing
2023-02-27 11:33:29 INFO  NewEditController:91 - new/edit window initializing
2023-02-27 11:34:25 INFO  TaskInfoController:25 - task info window initializing
2023-02-27 11:34:25 ERROR Controller:127 - error loading task-info.fxml
2023-02-27 11:34:27 INFO  TaskInfoController:25 - task info window initializing
2023-03-15 04:41:12 INFO  Main:36 - saved data reading
2023-03-15 04:41:12 INFO  Main:41 - application start
2023-03-15 04:41:12 INFO  Controller:74 - Main controller initializing
2023-03-15 04:42:15 INFO  Main:36 - saved data reading
2023-03-15 04:42:15 INFO  Main:41 - application start
2023-03-15 04:42:15 INFO  Controller:74 - Main controller initializing
2023-03-15 04:42:18 INFO  NewEditController:90 - new/edit window initializing
2023-03-15 04:42:21 INFO  NewEditController:90 - new/edit window initializing
2023-03-15 04:42:32 INFO  NewEditController:90 - new/edit window initializing
2023-03-15 04:42:39 INFO  NewEditController:90 - new/edit window initializing
2023-03-15 04:42:47 INFO  NewEditController:90 - new/edit window initializing
2023-03-15 04:42:57 INFO  NewEditController:90 - new/edit window initializing
2023-03-15 04:43:02 INFO  NewEditController:90 - new/edit window initializing
2023-03-15 04:43:12 INFO  TaskInfoController:25 - task info window initializing
2023-04-29 14:18:23 ERROR Task:43 - interval < than 1
2023-05-01 14:46:17 INFO  Main:40 - saved data reading
2023-05-01 14:46:17 INFO  Main:45 - application start
2023-05-01 14:46:18 INFO  Controller:78 - Main controller initializing
2023-05-02 18:01:48 ERROR Task:43 - interval < than 1
2023-05-02 18:01:48 ERROR Task:43 - interval < than 1
2023-05-02 18:07:05 ERROR Task:43 - interval < than 1
2023-05-02 18:07:05 ERROR Task:43 - interval < than 1
2023-05-02 18:07:58 ERROR Task:43 - interval < than 1
2023-05-02 18:07:58 ERROR Task:43 - interval < than 1
2023-05-02 18:08:26 ERROR Task:43 - interval < than 1
2023-05-02 18:08:26 ERROR Task:43 - interval < than 1
2023-05-02 18:08:26 ERROR Task:43 - interval < than 1
2023-05-02 18:13:11 ERROR Task:43 - interval < than 1
2023-05-02 18:13:11 ERROR Task:43 - interval < than 1
2023-05-02 18:13:11 ERROR Task:43 - interval < than 1
2023-05-02 18:13:47 ERROR Task:43 - interval < than 1
2023-05-02 18:13:47 ERROR Task:43 - interval < than 1
2023-05-02 18:13:47 ERROR Task:43 - interval < than 1
2023-05-02 18:14:01 ERROR Task:43 - interval < than 1
2023-05-02 18:14:01 ERROR Task:43 - interval < than 1
2023-05-02 18:14:01 ERROR Task:43 - interval < than 1
2023-05-02 18:18:49 ERROR Task:43 - interval < than 1
2023-05-02 18:18:49 ERROR Task:43 - interval < than 1
2023-05-02 18:18:49 ERROR Task:43 - interval < than 1
